#
# There is insufficient memory for the Java Runtime Environment to continue.
# Native memory allocation (mmap) failed to map 234881024 bytes for Failed to commit area from 0x0000000721400000 to 0x000000072f400000 of length 234881024.
# Possible reasons:
#   The system is out of physical RAM or swap space
#   The process is running with CompressedOops enabled, and the Java Heap may be blocking the growth of the native heap
# Possible solutions:
#   Reduce memory load on the system
#   Increase physical memory or swap space
#   Check if swap backing store is full
#   Decrease Java heap size (-Xmx/-Xms)
#   Decrease number of Java threads
#   Decrease Java thread stack sizes (-Xss)
#   Set larger code cache with -XX:ReservedCodeCacheSize=
# This output file may be truncated or incomplete.
#
#  Out of Memory Error (./src/hotspot/os/windows/os_windows.cpp:3387), pid=32156, tid=33536
#
# JRE version:  (11.0.14.1+1) (build )
# Java VM: OpenJDK 64-Bit Server VM (11.0.14.1+1, mixed mode, sharing, tiered, compressed oops, g1 gc, windows-amd64)
# No core dump will be written. Minidumps are not enabled by default on client versions of Windows
#

---------------  S U M M A R Y ------------

Command Line: 

Host: AMD Ryzen 3 3200G with Radeon Vega Graphics    , 4 cores, 13G,  Windows 10 , 64 bit Build 19041 (10.0.19041.3636)
Time: Sat Oct 26 01:08:46 2024 Taipei Standard Time elapsed time: 0.017482 seconds (0d 0h 0m 0s)

---------------  T H R E A D  ---------------

Current thread (0x000001e2ec6c2800):  JavaThread "Unknown thread" [_thread_in_vm, id=33536, stack(0x0000004d12e00000,0x0000004d12f00000)]

Stack: [0x0000004d12e00000,0x0000004d12f00000]
Native frames: (J=compiled Java code, j=interpreted, Vv=VM code, C=native code)
V  [jvm.dll+0x61e59a]
V  [jvm.dll+0x7aaca9]
V  [jvm.dll+0x7ac398]
V  [jvm.dll+0x7aca73]
V  [jvm.dll+0x24f9b8]
V  [jvm.dll+0x61b83a]
V  [jvm.dll+0x6100c5]
V  [jvm.dll+0x30772c]
V  [jvm.dll+0x3075b2]
V  [jvm.dll+0x30c2d6]
V  [jvm.dll+0x35272f]
V  [jvm.dll+0x352160]
V  [jvm.dll+0x2e4728]
V  [jvm.dll+0x2e5886]
V  [jvm.dll+0x784b07]
V  [jvm.dll+0x78628f]
V  [jvm.dll+0x35f479]
V  [jvm.dll+0x767aa0]
V  [jvm.dll+0x3ccf1f]
V  [jvm.dll+0x3cf2b1]
C  [jli.dll+0x5207]
C  [ucrtbase.dll+0x21bb2]
C  [KERNEL32.DLL+0x17344]
C  [ntdll.dll+0x526b1]


---------------  P R O C E S S  ---------------

Threads class SMR info:
_java_thread_list=0x000001e2ea5b6500, length=0, elements={
}

Java Threads: ( => current thread )

Other Threads:
  0x000001e2ec6dc000 GCTaskThread "GC Thread#0" [stack: 0x0000004d12f00000,0x0000004d13000000] [id=24732]
  0x000001e2ec72c000 ConcurrentGCThread "G1 Main Marker" [stack: 0x0000004d13000000,0x0000004d13100000] [id=31612]
  0x000001e2ec72d800 ConcurrentGCThread "G1 Conc#0" [stack: 0x0000004d13100000,0x0000004d13200000] [id=33020]

[error occurred during error reporting (printing all threads), id 0xc0000005, EXCEPTION_ACCESS_VIOLATION (0xc0000005) at pc=0x00007ffb2f093ef7]

VM state:not at safepoint (not fully initialized)

VM Mutex/Monitor currently owned by a thread:  ([mutex/lock_event])
[0x000001e2ec6bfaa0] Heap_lock - owner thread: 0x000001e2ec6c2800

Heap address: 0x0000000721400000, size: 3564 MB, Compressed Oops mode: Non-zero based: 0x0000000721400000
Narrow klass base: 0x0000000000000000, Narrow klass shift: 0

GC Heap History (0 events):
No events

Deoptimization events (0 events):
No events

Classes redefined (0 events):
No events

Internal exceptions (0 events):
No events

Events (1 events):
Event: 0.011 Loaded shared library C:\Program Files\Unity\Hub\Editor\2022.3.48f1\Editor\Data\PlaybackEngines\AndroidPlayer\OpenJDK\bin\zip.dll


Dynamic libraries:
0x00007ff720b70000 - 0x00007ff720b7d000 	C:\Program Files\Unity\Hub\Editor\2022.3.48f1\Editor\Data\PlaybackEngines\AndroidPlayer\OpenJDK\bin\java.exe
0x00007ffbb9610000 - 0x00007ffbb9808000 	C:\Windows\SYSTEM32\ntdll.dll
0x00007ffbb8fa0000 - 0x00007ffbb905d000 	C:\Windows\System32\KERNEL32.DLL
0x00007ffbb6e50000 - 0x00007ffbb7146000 	C:\Windows\System32\KERNELBASE.dll
0x00007ffbb73f0000 - 0x00007ffbb74f0000 	C:\Windows\System32\ucrtbase.dll
0x00007ffba2da0000 - 0x00007ffba2db5000 	C:\Program Files\Unity\Hub\Editor\2022.3.48f1\Editor\Data\PlaybackEngines\AndroidPlayer\OpenJDK\bin\VCRUNTIME140.dll
0x00007ffba2dc0000 - 0x00007ffba2dd7000 	C:\Program Files\Unity\Hub\Editor\2022.3.48f1\Editor\Data\PlaybackEngines\AndroidPlayer\OpenJDK\bin\jli.dll
0x00007ffba6e00000 - 0x00007ffba709a000 	C:\Windows\WinSxS\amd64_microsoft.windows.common-controls_6595b64144ccf1df_6.0.19041.4355_none_60b8b9eb71f62e16\COMCTL32.dll
0x00007ffbb82c0000 - 0x00007ffbb835e000 	C:\Windows\System32\msvcrt.dll
0x00007ffbb7c60000 - 0x00007ffbb7c8b000 	C:\Windows\System32\GDI32.dll
0x00007ffbb7ed0000 - 0x00007ffbb806f000 	C:\Windows\System32\USER32.dll
0x00007ffbb7230000 - 0x00007ffbb7252000 	C:\Windows\System32\win32u.dll
0x00007ffbb7260000 - 0x00007ffbb7377000 	C:\Windows\System32\gdi32full.dll
0x00007ffbb6d80000 - 0x00007ffbb6e1d000 	C:\Windows\System32\msvcp_win.dll
0x00007ffbb7d80000 - 0x00007ffbb7daf000 	C:\Windows\System32\IMM32.DLL
0x00007ffb3ff80000 - 0x00007ffb4001b000 	C:\Program Files\Unity\Hub\Editor\2022.3.48f1\Editor\Data\PlaybackEngines\AndroidPlayer\OpenJDK\bin\msvcp140.dll
0x00007ffb2eda0000 - 0x00007ffb2f921000 	C:\Program Files\Unity\Hub\Editor\2022.3.48f1\Editor\Data\PlaybackEngines\AndroidPlayer\OpenJDK\bin\server\jvm.dll
0x00007ffbb7650000 - 0x00007ffbb7700000 	C:\Windows\System32\ADVAPI32.dll
0x00007ffbb8370000 - 0x00007ffbb8410000 	C:\Windows\System32\sechost.dll
0x00007ffbb8be0000 - 0x00007ffbb8d03000 	C:\Windows\System32\RPCRT4.dll
0x00007ffbb6e20000 - 0x00007ffbb6e47000 	C:\Windows\System32\bcrypt.dll
0x00007ffbb7d70000 - 0x00007ffbb7d78000 	C:\Windows\System32\PSAPI.DLL
0x00007ffbac7f0000 - 0x00007ffbac817000 	C:\Windows\SYSTEM32\WINMM.dll
0x00007ffbafe50000 - 0x00007ffbafe5a000 	C:\Windows\SYSTEM32\VERSION.dll
0x00007ffbb16a0000 - 0x00007ffbb16a9000 	C:\Windows\SYSTEM32\WSOCK32.dll
0x00007ffbb80f0000 - 0x00007ffbb815b000 	C:\Windows\System32\WS2_32.dll
0x00007ffbb5530000 - 0x00007ffbb5542000 	C:\Windows\SYSTEM32\kernel.appcore.dll
0x00007ffba2d90000 - 0x00007ffba2da0000 	C:\Program Files\Unity\Hub\Editor\2022.3.48f1\Editor\Data\PlaybackEngines\AndroidPlayer\OpenJDK\bin\verify.dll
0x00007ffbb48a0000 - 0x00007ffbb4a84000 	C:\Windows\SYSTEM32\DBGHELP.DLL
0x00007ffb9f810000 - 0x00007ffb9f844000 	C:\Windows\SYSTEM32\dbgcore.DLL
0x00007ffbb7150000 - 0x00007ffbb71d2000 	C:\Windows\System32\bcryptPrimitives.dll
0x00007ffb64dc0000 - 0x00007ffb64de8000 	C:\Program Files\Unity\Hub\Editor\2022.3.48f1\Editor\Data\PlaybackEngines\AndroidPlayer\OpenJDK\bin\java.dll
0x00007ffba2d80000 - 0x00007ffba2d8a000 	C:\Program Files\Unity\Hub\Editor\2022.3.48f1\Editor\Data\PlaybackEngines\AndroidPlayer\OpenJDK\bin\jimage.dll
0x00007ffb676f0000 - 0x00007ffb67708000 	C:\Program Files\Unity\Hub\Editor\2022.3.48f1\Editor\Data\PlaybackEngines\AndroidPlayer\OpenJDK\bin\zip.dll

dbghelp: loaded successfully - version: 4.0.5 - missing functions: none
symbol engine: initialized successfully - sym options: 0x614 - pdb path: .;C:\Program Files\Unity\Hub\Editor\2022.3.48f1\Editor\Data\PlaybackEngines\AndroidPlayer\OpenJDK\bin;C:\Windows\SYSTEM32;C:\Windows\WinSxS\amd64_microsoft.windows.common-controls_6595b64144ccf1df_6.0.19041.4355_none_60b8b9eb71f62e16;C:\Program Files\Unity\Hub\Editor\2022.3.48f1\Editor\Data\PlaybackEngines\AndroidPlayer\OpenJDK\bin\server

VM Arguments:
java_command: <unknown>
java_class_path (initial): <not set>
Launcher Type: SUN_STANDARD

[Global flags]
     intx CICompilerCount                          = 3                                         {product} {ergonomic}
     uint ConcGCThreads                            = 1                                         {product} {ergonomic}
     uint G1ConcRefinementThreads                  = 4                                         {product} {ergonomic}
   size_t G1HeapRegionSize                         = 1048576                                   {product} {ergonomic}
    uintx GCDrainStackTargetSize                   = 64                                        {product} {ergonomic}
   size_t InitialHeapSize                          = 234881024                                 {product} {ergonomic}
   size_t MarkStackSize                            = 4194304                                   {product} {ergonomic}
   size_t MaxHeapSize                              = 3737124864                                {product} {ergonomic}
   size_t MinHeapDeltaBytes                        = 1048576                                   {product} {ergonomic}
    uintx NonNMethodCodeHeapSize                   = 5830732                                {pd product} {ergonomic}
    uintx NonProfiledCodeHeapSize                  = 122913754                              {pd product} {ergonomic}
    uintx ProfiledCodeHeapSize                     = 122913754                              {pd product} {ergonomic}
    uintx ReservedCodeCacheSize                    = 251658240                              {pd product} {ergonomic}
     bool SegmentedCodeCache                       = true                                      {product} {ergonomic}
     bool UseCompressedClassPointers               = true                                 {lp64_product} {ergonomic}
     bool UseCompressedOops                        = true                                 {lp64_product} {ergonomic}
     bool UseG1GC                                  = true                                      {product} {ergonomic}
     bool UseLargePagesIndividualAllocation        = false                                  {pd product} {ergonomic}

Logging:
Log output configuration:
 #0: stdout all=warning uptime,level,tags
 #1: stderr all=off uptime,level,tags

Environment Variables:
JAVA_HOME=C:\Program Files\Unity\Hub\Editor\2022.3.48f1\Editor\Data\PlaybackEngines\AndroidPlayer\OpenJDK
PATH=C:\Program Files\Common Files\Oracle\Java\javapath;C:\Program Files (x86)\Common Files\Oracle\Java\java8path;C:\Program Files (x86)\Common Files\Oracle\Java\javapath;C:\Windows\system32;C:\Windows;C:\Windows\System32\Wbem;C:\Windows\System32\WindowsPowerShell\v1.0\;C:\Windows\System32\OpenSSH\;C:\Program Files\dotnet\;C:\Program Files (x86)\gnupg\bin;C:\Program Files\Git\cmd;C:\Program Files (x86)\Windows Kits\10\Windows Performance Toolkit\;C:\Program Files\OpenSSL-Win64\bin;C:\Program Files\Java\jre-1.8\bin;C:\Program Files\Java\jdk-22\bin;C:\Program Files\PowerShell\7\;C:\Users\navi\.cargo\bin;C:\Users\navi\scoop\shims;C:\Users\navi\AppData\Local\Programs\Python\Python312\Scripts\;C:\Users\navi\AppData\Local\Programs\Python\Python312\;C:\Users\navi\AppData\Local\Microsoft\WindowsApps;C:\Users\navi\AppData\Local\Programs\Microsoft VS Code\bin;C:\Users\navi\.dotnet\tools;C:\Program Files\dotnet;C:\Users\navi\AppData\Local\Microsoft\WinGet\Links;C:\Program Files\Neovim\bin;C:\Users\navi\AppData\Local\GitHubDesktop\bin;C:\Program Files\Git\usr\bin\;C:\Program Files\OpenSSL-Win64\bin;
USERNAME=navi
OS=Windows_NT
PROCESSOR_IDENTIFIER=AMD64 Family 23 Model 24 Stepping 1, AuthenticAMD



---------------  S Y S T E M  ---------------

OS: Windows 10 , 64 bit Build 19041 (10.0.19041.3636)
OS uptime: 0 days 5:32 hours

CPU:total 4 (initial active 4) (4 cores per cpu, 1 threads per core) family 23 model 24 stepping 1 microcode 0x0, cmov, cx8, fxsr, mmx, sse, sse2, sse3, ssse3, sse4.1, sse4.2, popcnt, avx, avx2, aes, clmul, mmxext, 3dnowpref, lzcnt, sse4a, tsc, tscinvbit, tscinv, bmi1, bmi2, adx, sha, fma

Memory: 4k page, system-wide physical 14254M (1627M free)
TotalPageFile size 18446M (AvailPageFile size 215M)
current process WorkingSet (physical memory assigned to process): 11M, peak: 11M
current process commit charge ("private bytes"): 52M, peak: 276M

vm_info: OpenJDK 64-Bit Server VM (11.0.14.1+1) for windows-amd64 JRE (11.0.14.1+1), built on Feb  9 2022 01:48:27 by "" with unknown MS VC++:1916

END.
